<?xml version="1.0" encoding="UTF-8"?>
<testsuite xmlns:xsi="http://www.w3.org/2001/XMLSchema-instance" xsi:noNamespaceSchemaLocation="https://maven.apache.org/surefire/maven-surefire-plugin/xsd/surefire-test-report.xsd" name="com.prueba.test.EmpleadoRepositorioIntegrationTest" time="0.611" tests="5" errors="0" skipped="0" failures="0">
  <properties>
[...]
</properties>
  <testcase name="cuandoBuscaPorId_entoncesRetornaEmpleado" classname="com.prueba.test.EmpleadoRepositorioIntegrationTest" time="0.118"/>
  <testcase name="cuandoIdEsInvalido_entoncesRetornaNull" classname="com.prueba.test.EmpleadoRepositorioIntegrationTest" time="0.015"/>
  <testcase name="dadoUnConjuntoEmpleados_entoncesRetornaTodosEmpleados" classname="com.prueba.test.EmpleadoRepositorioIntegrationTest" time="0.111"/>
  <testcase name="cuandoNombreEsInvalido_EntoncesRetornaNulo" classname="com.prueba.test.EmpleadoRepositorioIntegrationTest" time="0.022"/>
  <testcase name="cuandoBuscaPorNombre_entoncesRetornoEmpleado" classname="com.prueba.test.EmpleadoRepositorioIntegrationTest" time="0.009"/>
</testsuite>